[debug] [2025-05-23T23:37:23.270Z] ----------------------------------------------------------------------
[debug] [2025-05-23T23:37:23.272Z] Command:       C:\nvm4w\nodejs\node.exe C:\nvm4w\nodejs\node_modules\firebase-tools\lib\bin\firebase.js deploy --only functions --debug
[debug] [2025-05-23T23:37:23.273Z] CLI Version:   14.4.0
[debug] [2025-05-23T23:37:23.273Z] Platform:      win32
[debug] [2025-05-23T23:37:23.273Z] Node Version:  v22.14.0
[debug] [2025-05-23T23:37:23.273Z] Time:          Fri May 23 2025 18:37:23 GMT-0500 (Central Daylight Time)
[debug] [2025-05-23T23:37:23.273Z] ----------------------------------------------------------------------
[debug] 
[debug] [2025-05-23T23:37:23.420Z] > command requires scopes: ["email","openid","https://www.googleapis.com/auth/cloudplatformprojects.readonly","https://www.googleapis.com/auth/firebase","https://www.googleapis.com/auth/cloud-platform"]
[debug] [2025-05-23T23:37:23.421Z] > authorizing via signed-in user (nakanex@gmail.com)
[debug] [2025-05-23T23:37:23.421Z] [iam] checking project hello-world-firebase-f1b5d for permissions ["cloudfunctions.functions.create","cloudfunctions.functions.delete","cloudfunctions.functions.get","cloudfunctions.functions.list","cloudfunctions.functions.update","cloudfunctions.operations.get","firebase.projects.get"]
[debug] [2025-05-23T23:37:23.422Z] Checked if tokens are valid: true, expires at: 1748044713025
[debug] [2025-05-23T23:37:23.422Z] Checked if tokens are valid: true, expires at: 1748044713025
[debug] [2025-05-23T23:37:23.423Z] >>> [apiv2][query] POST https://cloudresourcemanager.googleapis.com/v1/projects/hello-world-firebase-f1b5d:testIamPermissions [none]
[debug] [2025-05-23T23:37:23.423Z] >>> [apiv2][(partial)header] POST https://cloudresourcemanager.googleapis.com/v1/projects/hello-world-firebase-f1b5d:testIamPermissions x-goog-quota-user=projects/hello-world-firebase-f1b5d
[debug] [2025-05-23T23:37:23.424Z] >>> [apiv2][body] POST https://cloudresourcemanager.googleapis.com/v1/projects/hello-world-firebase-f1b5d:testIamPermissions {"permissions":["cloudfunctions.functions.create","cloudfunctions.functions.delete","cloudfunctions.functions.get","cloudfunctions.functions.list","cloudfunctions.functions.update","cloudfunctions.operations.get","firebase.projects.get"]}
[debug] [2025-05-23T23:37:23.597Z] <<< [apiv2][status] POST https://cloudresourcemanager.googleapis.com/v1/projects/hello-world-firebase-f1b5d:testIamPermissions 200
[debug] [2025-05-23T23:37:23.597Z] <<< [apiv2][body] POST https://cloudresourcemanager.googleapis.com/v1/projects/hello-world-firebase-f1b5d:testIamPermissions {"permissions":["cloudfunctions.functions.create","cloudfunctions.functions.delete","cloudfunctions.functions.get","cloudfunctions.functions.list","cloudfunctions.functions.update","cloudfunctions.operations.get","firebase.projects.get"]}
[debug] [2025-05-23T23:37:23.598Z] Checked if tokens are valid: true, expires at: 1748044713025
[debug] [2025-05-23T23:37:23.598Z] Checked if tokens are valid: true, expires at: 1748044713025
[debug] [2025-05-23T23:37:23.598Z] >>> [apiv2][query] POST https://iam.googleapis.com/v1/projects/hello-world-firebase-f1b5d/serviceAccounts/hello-world-firebase-f1b5d@appspot.gserviceaccount.com:testIamPermissions [none]
[debug] [2025-05-23T23:37:23.598Z] >>> [apiv2][body] POST https://iam.googleapis.com/v1/projects/hello-world-firebase-f1b5d/serviceAccounts/hello-world-firebase-f1b5d@appspot.gserviceaccount.com:testIamPermissions {"permissions":["iam.serviceAccounts.actAs"]}
[debug] [2025-05-23T23:37:23.769Z] <<< [apiv2][status] POST https://iam.googleapis.com/v1/projects/hello-world-firebase-f1b5d/serviceAccounts/hello-world-firebase-f1b5d@appspot.gserviceaccount.com:testIamPermissions 200
[debug] [2025-05-23T23:37:23.770Z] <<< [apiv2][body] POST https://iam.googleapis.com/v1/projects/hello-world-firebase-f1b5d/serviceAccounts/hello-world-firebase-f1b5d@appspot.gserviceaccount.com:testIamPermissions {"permissions":["iam.serviceAccounts.actAs"]}
[info] 
[info] === Deploying to 'hello-world-firebase-f1b5d'...
[info] 
[info] i  deploying functions 
[debug] [2025-05-23T23:37:23.772Z] Checked if tokens are valid: true, expires at: 1748044713025
[debug] [2025-05-23T23:37:23.772Z] Checked if tokens are valid: true, expires at: 1748044713025
[debug] [2025-05-23T23:37:23.772Z] >>> [apiv2][query] GET https://serviceusage.googleapis.com/v1/projects/hello-world-firebase-f1b5d/services/cloudresourcemanager.googleapis.com [none]
[debug] [2025-05-23T23:37:23.772Z] >>> [apiv2][(partial)header] GET https://serviceusage.googleapis.com/v1/projects/hello-world-firebase-f1b5d/services/cloudresourcemanager.googleapis.com x-goog-quota-user=projects/hello-world-firebase-f1b5d
[debug] [2025-05-23T23:37:24.125Z] <<< [apiv2][status] GET https://serviceusage.googleapis.com/v1/projects/hello-world-firebase-f1b5d/services/cloudresourcemanager.googleapis.com 200
[debug] [2025-05-23T23:37:24.125Z] <<< [apiv2][body] GET https://serviceusage.googleapis.com/v1/projects/hello-world-firebase-f1b5d/services/cloudresourcemanager.googleapis.com [omitted]
[debug] [2025-05-23T23:37:24.126Z] Checked if tokens are valid: true, expires at: 1748044713025
[debug] [2025-05-23T23:37:24.126Z] Checked if tokens are valid: true, expires at: 1748044713025
[debug] [2025-05-23T23:37:24.126Z] >>> [apiv2][query] GET https://cloudresourcemanager.googleapis.com/v1/projects/hello-world-firebase-f1b5d [none]
[debug] [2025-05-23T23:37:24.191Z] <<< [apiv2][status] GET https://cloudresourcemanager.googleapis.com/v1/projects/hello-world-firebase-f1b5d 200
[debug] [2025-05-23T23:37:24.192Z] <<< [apiv2][body] GET https://cloudresourcemanager.googleapis.com/v1/projects/hello-world-firebase-f1b5d {"projectNumber":"1088542763900","projectId":"hello-world-firebase-f1b5d","lifecycleState":"ACTIVE","name":"hello-world-firebase","labels":{"firebase":"enabled","firebase-core":"disabled"},"createTime":"2025-05-23T13:36:09.639987Z"}
[info] i  functions: preparing codebase default for deployment 
[info] i  functions: ensuring required API cloudfunctions.googleapis.com is enabled... 
[debug] [2025-05-23T23:37:24.196Z] Checked if tokens are valid: true, expires at: 1748044713025
[debug] [2025-05-23T23:37:24.197Z] Checked if tokens are valid: true, expires at: 1748044713025
[debug] [2025-05-23T23:37:24.197Z] Checked if tokens are valid: true, expires at: 1748044713025
[debug] [2025-05-23T23:37:24.197Z] Checked if tokens are valid: true, expires at: 1748044713025
[info] i  functions: ensuring required API cloudbuild.googleapis.com is enabled... 
[debug] [2025-05-23T23:37:24.198Z] Checked if tokens are valid: true, expires at: 1748044713025
[debug] [2025-05-23T23:37:24.198Z] Checked if tokens are valid: true, expires at: 1748044713025
[info] i  artifactregistry: ensuring required API artifactregistry.googleapis.com is enabled... 
[debug] [2025-05-23T23:37:24.198Z] Checked if tokens are valid: true, expires at: 1748044713025
[debug] [2025-05-23T23:37:24.198Z] Checked if tokens are valid: true, expires at: 1748044713025
[debug] [2025-05-23T23:37:24.199Z] >>> [apiv2][query] GET https://serviceusage.googleapis.com/v1/projects/hello-world-firebase-f1b5d/services/cloudfunctions.googleapis.com [none]
[debug] [2025-05-23T23:37:24.199Z] >>> [apiv2][(partial)header] GET https://serviceusage.googleapis.com/v1/projects/hello-world-firebase-f1b5d/services/cloudfunctions.googleapis.com x-goog-quota-user=projects/hello-world-firebase-f1b5d
[debug] [2025-05-23T23:37:24.200Z] >>> [apiv2][query] GET https://serviceusage.googleapis.com/v1/projects/hello-world-firebase-f1b5d/services/runtimeconfig.googleapis.com [none]
[debug] [2025-05-23T23:37:24.200Z] >>> [apiv2][(partial)header] GET https://serviceusage.googleapis.com/v1/projects/hello-world-firebase-f1b5d/services/runtimeconfig.googleapis.com x-goog-quota-user=projects/hello-world-firebase-f1b5d
[debug] [2025-05-23T23:37:24.201Z] >>> [apiv2][query] GET https://serviceusage.googleapis.com/v1/projects/hello-world-firebase-f1b5d/services/cloudbuild.googleapis.com [none]
[debug] [2025-05-23T23:37:24.201Z] >>> [apiv2][(partial)header] GET https://serviceusage.googleapis.com/v1/projects/hello-world-firebase-f1b5d/services/cloudbuild.googleapis.com x-goog-quota-user=projects/hello-world-firebase-f1b5d
[debug] [2025-05-23T23:37:24.203Z] >>> [apiv2][query] GET https://serviceusage.googleapis.com/v1/projects/hello-world-firebase-f1b5d/services/artifactregistry.googleapis.com [none]
[debug] [2025-05-23T23:37:24.203Z] >>> [apiv2][(partial)header] GET https://serviceusage.googleapis.com/v1/projects/hello-world-firebase-f1b5d/services/artifactregistry.googleapis.com x-goog-quota-user=projects/hello-world-firebase-f1b5d
[debug] [2025-05-23T23:37:24.373Z] <<< [apiv2][status] GET https://serviceusage.googleapis.com/v1/projects/hello-world-firebase-f1b5d/services/cloudfunctions.googleapis.com 200
[debug] [2025-05-23T23:37:24.374Z] <<< [apiv2][body] GET https://serviceusage.googleapis.com/v1/projects/hello-world-firebase-f1b5d/services/cloudfunctions.googleapis.com [omitted]
[info] +  functions: required API cloudfunctions.googleapis.com is enabled 
[debug] [2025-05-23T23:37:24.387Z] <<< [apiv2][status] GET https://serviceusage.googleapis.com/v1/projects/hello-world-firebase-f1b5d/services/runtimeconfig.googleapis.com 200
[debug] [2025-05-23T23:37:24.387Z] <<< [apiv2][body] GET https://serviceusage.googleapis.com/v1/projects/hello-world-firebase-f1b5d/services/runtimeconfig.googleapis.com [omitted]
[debug] [2025-05-23T23:37:24.603Z] <<< [apiv2][status] GET https://serviceusage.googleapis.com/v1/projects/hello-world-firebase-f1b5d/services/artifactregistry.googleapis.com 200
[debug] [2025-05-23T23:37:24.604Z] <<< [apiv2][body] GET https://serviceusage.googleapis.com/v1/projects/hello-world-firebase-f1b5d/services/artifactregistry.googleapis.com [omitted]
[info] +  artifactregistry: required API artifactregistry.googleapis.com is enabled 
[debug] [2025-05-23T23:37:24.756Z] <<< [apiv2][status] GET https://serviceusage.googleapis.com/v1/projects/hello-world-firebase-f1b5d/services/cloudbuild.googleapis.com 200
[debug] [2025-05-23T23:37:24.757Z] <<< [apiv2][body] GET https://serviceusage.googleapis.com/v1/projects/hello-world-firebase-f1b5d/services/cloudbuild.googleapis.com [omitted]
[info] +  functions: required API cloudbuild.googleapis.com is enabled 
[debug] [2025-05-23T23:37:24.757Z] Checked if tokens are valid: true, expires at: 1748044713025
[debug] [2025-05-23T23:37:24.758Z] Checked if tokens are valid: true, expires at: 1748044713025
[debug] [2025-05-23T23:37:24.758Z] >>> [apiv2][query] GET https://firebase.googleapis.com/v1beta1/projects/hello-world-firebase-f1b5d/adminSdkConfig [none]
[debug] [2025-05-23T23:37:24.944Z] <<< [apiv2][status] GET https://firebase.googleapis.com/v1beta1/projects/hello-world-firebase-f1b5d/adminSdkConfig 200
[debug] [2025-05-23T23:37:24.944Z] <<< [apiv2][body] GET https://firebase.googleapis.com/v1beta1/projects/hello-world-firebase-f1b5d/adminSdkConfig {"projectId":"hello-world-firebase-f1b5d","storageBucket":"hello-world-firebase-f1b5d.firebasestorage.app"}
[debug] [2025-05-23T23:37:24.945Z] Checked if tokens are valid: true, expires at: 1748044713025
[debug] [2025-05-23T23:37:24.945Z] Checked if tokens are valid: true, expires at: 1748044713025
[debug] [2025-05-23T23:37:24.945Z] >>> [apiv2][query] GET https://runtimeconfig.googleapis.com/v1beta1/projects/hello-world-firebase-f1b5d/configs [none]
[debug] [2025-05-23T23:37:25.128Z] <<< [apiv2][status] GET https://runtimeconfig.googleapis.com/v1beta1/projects/hello-world-firebase-f1b5d/configs 200
[debug] [2025-05-23T23:37:25.128Z] <<< [apiv2][body] GET https://runtimeconfig.googleapis.com/v1beta1/projects/hello-world-firebase-f1b5d/configs {}
[debug] [2025-05-23T23:37:25.129Z] Validating nodejs source
[debug] [2025-05-23T23:37:25.675Z] > [functions] package.json contents: {
  "name": "functions",
  "description": "Cloud Functions for Firebase",
  "scripts": {
    "serve": "firebase emulators:start --only functions",
    "shell": "firebase functions:shell",
    "start": "npm run shell",
    "deploy": "firebase deploy --only functions",
    "logs": "firebase functions:log"
  },
  "engines": {
    "node": "20"
  },
  "main": "index.js",
  "dependencies": {
    "firebase-admin": "^12.6.0",
    "firebase-functions": "^6.0.1"
  },
  "private": true
}
[debug] [2025-05-23T23:37:25.675Z] Building nodejs source
[info] i  functions: Loading and analyzing source code for codebase default to determine what to deploy 
[debug] [2025-05-23T23:37:25.676Z] Could not find functions.yaml. Must use http discovery
[debug] [2025-05-23T23:37:25.682Z] Found firebase-functions binary at 'C:\Users\nakan\Documents\codes\HelloWorld\functions\node_modules\.bin\firebase-functions'
[info] Serving at port 8556

[debug] [2025-05-23T23:37:26.148Z] Got response from /__/functions.yaml {"endpoints":{"helloWorld":{"availableMemoryMb":null,"timeoutSeconds":null,"minInstances":null,"maxInstances":null,"ingressSettings":null,"concurrency":null,"serviceAccountEmail":null,"vpc":null,"platform":"gcfv2","labels":{},"httpsTrigger":{},"entryPoint":"helloWorld"}},"specVersion":"v1alpha1","requiredAPIs":[],"extensions":{}}
[info] i  extensions: ensuring required API firebaseextensions.googleapis.com is enabled... 
[debug] [2025-05-23T23:37:30.172Z] Checked if tokens are valid: true, expires at: 1748044713025
[debug] [2025-05-23T23:37:30.172Z] Checked if tokens are valid: true, expires at: 1748044713025
[debug] [2025-05-23T23:37:30.172Z] >>> [apiv2][query] GET https://serviceusage.googleapis.com/v1/projects/hello-world-firebase-f1b5d/services/firebaseextensions.googleapis.com [none]
[debug] [2025-05-23T23:37:30.173Z] >>> [apiv2][(partial)header] GET https://serviceusage.googleapis.com/v1/projects/hello-world-firebase-f1b5d/services/firebaseextensions.googleapis.com x-goog-quota-user=projects/hello-world-firebase-f1b5d
[debug] [2025-05-23T23:37:30.327Z] <<< [apiv2][status] GET https://serviceusage.googleapis.com/v1/projects/hello-world-firebase-f1b5d/services/firebaseextensions.googleapis.com 200
[debug] [2025-05-23T23:37:30.327Z] <<< [apiv2][body] GET https://serviceusage.googleapis.com/v1/projects/hello-world-firebase-f1b5d/services/firebaseextensions.googleapis.com [omitted]
[info] +  extensions: required API firebaseextensions.googleapis.com is enabled 
[debug] [2025-05-23T23:37:30.327Z] > command requires scopes: ["email","openid","https://www.googleapis.com/auth/cloudplatformprojects.readonly","https://www.googleapis.com/auth/firebase","https://www.googleapis.com/auth/cloud-platform"]
[debug] [2025-05-23T23:37:30.328Z] > authorizing via signed-in user (nakanex@gmail.com)
[debug] [2025-05-23T23:37:30.328Z] [iam] checking project hello-world-firebase-f1b5d for permissions ["firebase.projects.get","firebaseextensions.instances.list"]
[debug] [2025-05-23T23:37:30.328Z] Checked if tokens are valid: true, expires at: 1748044713025
[debug] [2025-05-23T23:37:30.328Z] Checked if tokens are valid: true, expires at: 1748044713025
[debug] [2025-05-23T23:37:30.328Z] >>> [apiv2][query] POST https://cloudresourcemanager.googleapis.com/v1/projects/hello-world-firebase-f1b5d:testIamPermissions [none]
[debug] [2025-05-23T23:37:30.329Z] >>> [apiv2][(partial)header] POST https://cloudresourcemanager.googleapis.com/v1/projects/hello-world-firebase-f1b5d:testIamPermissions x-goog-quota-user=projects/hello-world-firebase-f1b5d
[debug] [2025-05-23T23:37:30.329Z] >>> [apiv2][body] POST https://cloudresourcemanager.googleapis.com/v1/projects/hello-world-firebase-f1b5d:testIamPermissions {"permissions":["firebase.projects.get","firebaseextensions.instances.list"]}
[debug] [2025-05-23T23:37:30.435Z] <<< [apiv2][status] POST https://cloudresourcemanager.googleapis.com/v1/projects/hello-world-firebase-f1b5d:testIamPermissions 200
[debug] [2025-05-23T23:37:30.436Z] <<< [apiv2][body] POST https://cloudresourcemanager.googleapis.com/v1/projects/hello-world-firebase-f1b5d:testIamPermissions {"permissions":["firebase.projects.get","firebaseextensions.instances.list"]}
[debug] [2025-05-23T23:37:30.436Z] Checked if tokens are valid: true, expires at: 1748044713025
[debug] [2025-05-23T23:37:30.437Z] Checked if tokens are valid: true, expires at: 1748044713025
[debug] [2025-05-23T23:37:30.437Z] >>> [apiv2][query] GET https://firebaseextensions.googleapis.com/v1beta/projects/hello-world-firebase-f1b5d/instances pageSize=100&pageToken=
[debug] [2025-05-23T23:37:30.628Z] <<< [apiv2][status] GET https://firebaseextensions.googleapis.com/v1beta/projects/hello-world-firebase-f1b5d/instances 200
[debug] [2025-05-23T23:37:30.628Z] <<< [apiv2][body] GET https://firebaseextensions.googleapis.com/v1beta/projects/hello-world-firebase-f1b5d/instances {}
[info] i  functions: preparing functions directory for uploading... 
[info] i  functions: packaged C:\Users\nakan\Documents\codes\HelloWorld\functions (29.22 KB) for uploading 
[debug] [2025-05-23T23:37:30.653Z] Checked if tokens are valid: true, expires at: 1748044713025
[debug] [2025-05-23T23:37:30.653Z] Checked if tokens are valid: true, expires at: 1748044713025
[debug] [2025-05-23T23:37:30.653Z] >>> [apiv2][query] GET https://cloudfunctions.googleapis.com/v1/projects/hello-world-firebase-f1b5d/locations/-/functions [none]
[debug] [2025-05-23T23:37:31.115Z] <<< [apiv2][status] GET https://cloudfunctions.googleapis.com/v1/projects/hello-world-firebase-f1b5d/locations/-/functions 200
[debug] [2025-05-23T23:37:31.116Z] <<< [apiv2][body] GET https://cloudfunctions.googleapis.com/v1/projects/hello-world-firebase-f1b5d/locations/-/functions {}
[debug] [2025-05-23T23:37:31.116Z] Checked if tokens are valid: true, expires at: 1748044713025
[debug] [2025-05-23T23:37:31.117Z] Checked if tokens are valid: true, expires at: 1748044713025
[debug] [2025-05-23T23:37:31.117Z] >>> [apiv2][query] GET https://cloudfunctions.googleapis.com/v2/projects/hello-world-firebase-f1b5d/locations/-/functions filter=environment%3D%22GEN_2%22
[debug] [2025-05-23T23:37:31.499Z] <<< [apiv2][status] GET https://cloudfunctions.googleapis.com/v2/projects/hello-world-firebase-f1b5d/locations/-/functions 200
[debug] [2025-05-23T23:37:31.500Z] <<< [apiv2][body] GET https://cloudfunctions.googleapis.com/v2/projects/hello-world-firebase-f1b5d/locations/-/functions {"functions":[{"name":"projects/hello-world-firebase-f1b5d/locations/us-central1/functions/helloWorld","buildConfig":{"build":"projects/1088542763900/locations/us-central1/builds/3a520b31-3591-4884-9d4b-6ec358dea99c","runtime":"nodejs20","entryPoint":"helloWorld","source":{"storageSource":{"bucket":"gcf-v2-sources-1088542763900-us-central1","object":"helloWorld/function-source.zip","generation":"1748042866318793"}},"environmentVariables":{"GOOGLE_NODE_RUN_SCRIPTS":""},"dockerRepository":"projects/hello-world-firebase-f1b5d/locations/us-central1/repositories/gcf-artifacts","sourceProvenance":{"resolvedStorageSource":{"bucket":"gcf-v2-sources-1088542763900-us-central1","object":"helloWorld/function-source.zip","generation":"1748042866318793"}},"dockerRegistry":"ARTIFACT_REGISTRY","serviceAccount":"projects/hello-world-firebase-f1b5d/serviceAccounts/1088542763900-compute@developer.gserviceaccount.com","automaticUpdatePolicy":{}},"serviceConfig":{"service":"projects/hello-world-firebase-f1b5d/locations/us-central1/services/helloworld","timeoutSeconds":60,"environmentVariables":{"FIREBASE_CONFIG":"{\"projectId\":\"hello-world-firebase-f1b5d\",\"storageBucket\":\"hello-world-firebase-f1b5d.firebasestorage.app\"}","GCLOUD_PROJECT":"hello-world-firebase-f1b5d","EVENTARC_CLOUD_EVENT_SOURCE":"projects/hello-world-firebase-f1b5d/locations/us-central1/services/helloWorld","FUNCTION_TARGET":"helloWorld","LOG_EXECUTION_ID":"true"},"maxInstanceCount":40,"ingressSettings":"ALLOW_ALL","uri":"https://helloworld-ua52fz3pvq-uc.a.run.app","serviceAccountEmail":"1088542763900-compute@developer.gserviceaccount.com","availableMemory":"256Mi","allTrafficOnLatestRevision":true,"revision":"helloworld-00001-juq","maxInstanceRequestConcurrency":80,"availableCpu":"1"},"state":"ACTIVE","updateTime":"2025-05-23T23:29:10.799800713Z","labels":{"deployment-tool":"cli-firebase","firebase-functions-hash":"3d432bb3a90458bf180e95ae6638aea93ea88797"},"environment":"GEN_2","url":"https://us-central1-hello-world-firebase-f1b5d.cloudfunctions.net/helloWorld","createTime":"2025-05-23T23:27:46.635628682Z","satisfiesPzi":true}]}
[info] i  functions: ensuring required API run.googleapis.com is enabled... 
[debug] [2025-05-23T23:37:31.503Z] Checked if tokens are valid: true, expires at: 1748044713025
[debug] [2025-05-23T23:37:31.503Z] Checked if tokens are valid: true, expires at: 1748044713025
[info] i  functions: ensuring required API eventarc.googleapis.com is enabled... 
[debug] [2025-05-23T23:37:31.503Z] Checked if tokens are valid: true, expires at: 1748044713025
[debug] [2025-05-23T23:37:31.504Z] Checked if tokens are valid: true, expires at: 1748044713025
[info] i  functions: ensuring required API pubsub.googleapis.com is enabled... 
[debug] [2025-05-23T23:37:31.504Z] Checked if tokens are valid: true, expires at: 1748044713025
[debug] [2025-05-23T23:37:31.504Z] Checked if tokens are valid: true, expires at: 1748044713025
[info] i  functions: ensuring required API storage.googleapis.com is enabled... 
[debug] [2025-05-23T23:37:31.505Z] Checked if tokens are valid: true, expires at: 1748044713025
[debug] [2025-05-23T23:37:31.505Z] Checked if tokens are valid: true, expires at: 1748044713025
[debug] [2025-05-23T23:37:31.505Z] >>> [apiv2][query] GET https://serviceusage.googleapis.com/v1/projects/1088542763900/services/run.googleapis.com [none]
[debug] [2025-05-23T23:37:31.505Z] >>> [apiv2][(partial)header] GET https://serviceusage.googleapis.com/v1/projects/1088542763900/services/run.googleapis.com x-goog-quota-user=projects/1088542763900
[debug] [2025-05-23T23:37:31.506Z] >>> [apiv2][query] GET https://serviceusage.googleapis.com/v1/projects/1088542763900/services/eventarc.googleapis.com [none]
[debug] [2025-05-23T23:37:31.506Z] >>> [apiv2][(partial)header] GET https://serviceusage.googleapis.com/v1/projects/1088542763900/services/eventarc.googleapis.com x-goog-quota-user=projects/1088542763900
[debug] [2025-05-23T23:37:31.508Z] >>> [apiv2][query] GET https://serviceusage.googleapis.com/v1/projects/1088542763900/services/pubsub.googleapis.com [none]
[debug] [2025-05-23T23:37:31.509Z] >>> [apiv2][(partial)header] GET https://serviceusage.googleapis.com/v1/projects/1088542763900/services/pubsub.googleapis.com x-goog-quota-user=projects/1088542763900
[debug] [2025-05-23T23:37:31.511Z] >>> [apiv2][query] GET https://serviceusage.googleapis.com/v1/projects/1088542763900/services/storage.googleapis.com [none]
[debug] [2025-05-23T23:37:31.511Z] >>> [apiv2][(partial)header] GET https://serviceusage.googleapis.com/v1/projects/1088542763900/services/storage.googleapis.com x-goog-quota-user=projects/1088542763900
[debug] [2025-05-23T23:37:31.621Z] <<< [apiv2][status] GET https://serviceusage.googleapis.com/v1/projects/1088542763900/services/run.googleapis.com 200
[debug] [2025-05-23T23:37:31.621Z] <<< [apiv2][body] GET https://serviceusage.googleapis.com/v1/projects/1088542763900/services/run.googleapis.com [omitted]
[info] +  functions: required API run.googleapis.com is enabled 
[debug] [2025-05-23T23:37:31.661Z] <<< [apiv2][status] GET https://serviceusage.googleapis.com/v1/projects/1088542763900/services/pubsub.googleapis.com 200
[debug] [2025-05-23T23:37:31.661Z] <<< [apiv2][body] GET https://serviceusage.googleapis.com/v1/projects/1088542763900/services/pubsub.googleapis.com [omitted]
[info] +  functions: required API pubsub.googleapis.com is enabled 
[debug] [2025-05-23T23:37:31.670Z] <<< [apiv2][status] GET https://serviceusage.googleapis.com/v1/projects/1088542763900/services/eventarc.googleapis.com 200
[debug] [2025-05-23T23:37:31.671Z] <<< [apiv2][body] GET https://serviceusage.googleapis.com/v1/projects/1088542763900/services/eventarc.googleapis.com [omitted]
[info] +  functions: required API eventarc.googleapis.com is enabled 
[debug] [2025-05-23T23:37:31.675Z] <<< [apiv2][status] GET https://serviceusage.googleapis.com/v1/projects/1088542763900/services/storage.googleapis.com 200
[debug] [2025-05-23T23:37:31.675Z] <<< [apiv2][body] GET https://serviceusage.googleapis.com/v1/projects/1088542763900/services/storage.googleapis.com [omitted]
[info] +  functions: required API storage.googleapis.com is enabled 
[info] i  functions: generating the service identity for pubsub.googleapis.com... 
[debug] [2025-05-23T23:37:31.676Z] Checked if tokens are valid: true, expires at: 1748044713025
[debug] [2025-05-23T23:37:31.676Z] Checked if tokens are valid: true, expires at: 1748044713025
[info] i  functions: generating the service identity for eventarc.googleapis.com... 
[debug] [2025-05-23T23:37:31.676Z] Checked if tokens are valid: true, expires at: 1748044713025
[debug] [2025-05-23T23:37:31.676Z] Checked if tokens are valid: true, expires at: 1748044713025
[debug] [2025-05-23T23:37:31.676Z] >>> [apiv2][query] POST https://serviceusage.googleapis.com/v1beta1/projects/1088542763900/services/pubsub.googleapis.com:generateServiceIdentity [none]
[debug] [2025-05-23T23:37:31.677Z] >>> [apiv2][query] POST https://serviceusage.googleapis.com/v1beta1/projects/1088542763900/services/eventarc.googleapis.com:generateServiceIdentity [none]
[debug] [2025-05-23T23:37:31.826Z] <<< [apiv2][status] POST https://serviceusage.googleapis.com/v1beta1/projects/1088542763900/services/pubsub.googleapis.com:generateServiceIdentity 200
[debug] [2025-05-23T23:37:31.826Z] <<< [apiv2][body] POST https://serviceusage.googleapis.com/v1beta1/projects/1088542763900/services/pubsub.googleapis.com:generateServiceIdentity {"name":"operations/finished.DONE_OPERATION","done":true,"response":{"@type":"type.googleapis.com/google.api.serviceusage.v1beta1.ServiceIdentity","email":"service-1088542763900@gcp-sa-pubsub.iam.gserviceaccount.com","uniqueId":"107560963721057100430"}}
[debug] [2025-05-23T23:37:31.852Z] <<< [apiv2][status] POST https://serviceusage.googleapis.com/v1beta1/projects/1088542763900/services/eventarc.googleapis.com:generateServiceIdentity 200
[debug] [2025-05-23T23:37:31.852Z] <<< [apiv2][body] POST https://serviceusage.googleapis.com/v1beta1/projects/1088542763900/services/eventarc.googleapis.com:generateServiceIdentity {"name":"operations/finished.DONE_OPERATION","done":true,"response":{"@type":"type.googleapis.com/google.api.serviceusage.v1beta1.ServiceIdentity","email":"service-1088542763900@gcp-sa-eventarc.iam.gserviceaccount.com","uniqueId":"101908542834025758457"}}
[debug] [2025-05-23T23:37:31.853Z] Checked if tokens are valid: true, expires at: 1748044713025
[debug] [2025-05-23T23:37:31.853Z] Checked if tokens are valid: true, expires at: 1748044713025
[debug] [2025-05-23T23:37:31.853Z] >>> [apiv2][query] GET https://serviceusage.googleapis.com/v1/projects/hello-world-firebase-f1b5d/services/cloudresourcemanager.googleapis.com [none]
[debug] [2025-05-23T23:37:31.854Z] >>> [apiv2][(partial)header] GET https://serviceusage.googleapis.com/v1/projects/hello-world-firebase-f1b5d/services/cloudresourcemanager.googleapis.com x-goog-quota-user=projects/hello-world-firebase-f1b5d
[debug] [2025-05-23T23:37:31.945Z] <<< [apiv2][status] GET https://serviceusage.googleapis.com/v1/projects/hello-world-firebase-f1b5d/services/cloudresourcemanager.googleapis.com 200
[debug] [2025-05-23T23:37:31.945Z] <<< [apiv2][body] GET https://serviceusage.googleapis.com/v1/projects/hello-world-firebase-f1b5d/services/cloudresourcemanager.googleapis.com [omitted]
[debug] [2025-05-23T23:37:31.945Z] Checked if tokens are valid: true, expires at: 1748044713025
[debug] [2025-05-23T23:37:31.945Z] Checked if tokens are valid: true, expires at: 1748044713025
[debug] [2025-05-23T23:37:31.946Z] >>> [apiv2][query] GET https://cloudresourcemanager.googleapis.com/v1/projects/hello-world-firebase-f1b5d [none]
[debug] [2025-05-23T23:37:32.006Z] <<< [apiv2][status] GET https://cloudresourcemanager.googleapis.com/v1/projects/hello-world-firebase-f1b5d 200
[debug] [2025-05-23T23:37:32.006Z] <<< [apiv2][body] GET https://cloudresourcemanager.googleapis.com/v1/projects/hello-world-firebase-f1b5d {"projectNumber":"1088542763900","projectId":"hello-world-firebase-f1b5d","lifecycleState":"ACTIVE","name":"hello-world-firebase","labels":{"firebase":"enabled","firebase-core":"disabled"},"createTime":"2025-05-23T13:36:09.639987Z"}
[debug] [2025-05-23T23:37:32.006Z] Checked if tokens are valid: true, expires at: 1748044713025
[debug] [2025-05-23T23:37:32.007Z] Checked if tokens are valid: true, expires at: 1748044713025
[debug] [2025-05-23T23:37:32.007Z] >>> [apiv2][query] GET https://compute.googleapis.com/compute/v1/projects/1088542763900 [none]
[debug] [2025-05-23T23:37:32.149Z] <<< [apiv2][status] GET https://compute.googleapis.com/compute/v1/projects/1088542763900 403
[debug] [2025-05-23T23:37:32.149Z] <<< [apiv2][body] GET https://compute.googleapis.com/compute/v1/projects/1088542763900 {"error":{"code":403,"message":"Compute Engine API has not been used in project 1088542763900 before or it is disabled. Enable it by visiting https://console.developers.google.com/apis/api/compute.googleapis.com/overview?project=1088542763900 then retry. If you enabled this API recently, wait a few minutes for the action to propagate to our systems and retry.","errors":[{"message":"Compute Engine API has not been used in project 1088542763900 before or it is disabled. Enable it by visiting https://console.developers.google.com/apis/api/compute.googleapis.com/overview?project=1088542763900 then retry. If you enabled this API recently, wait a few minutes for the action to propagate to our systems and retry.","domain":"usageLimits","reason":"accessNotConfigured","extendedHelp":"https://console.developers.google.com"}],"status":"PERMISSION_DENIED","details":[{"@type":"type.googleapis.com/google.rpc.ErrorInfo","reason":"SERVICE_DISABLED","domain":"googleapis.com","metadata":{"serviceTitle":"Compute Engine API","service":"compute.googleapis.com","containerInfo":"1088542763900","activationUrl":"https://console.developers.google.com/apis/api/compute.googleapis.com/overview?project=1088542763900","consumer":"projects/1088542763900"}},{"@type":"type.googleapis.com/google.rpc.LocalizedMessage","locale":"en-US","message":"Compute Engine API has not been used in project 1088542763900 before or it is disabled. Enable it by visiting https://console.developers.google.com/apis/api/compute.googleapis.com/overview?project=1088542763900 then retry. If you enabled this API recently, wait a few minutes for the action to propagate to our systems and retry."},{"@type":"type.googleapis.com/google.rpc.Help","links":[{"description":"Google developers console API activation","url":"https://console.developers.google.com/apis/api/compute.googleapis.com/overview?project=1088542763900"}]}]}}
[debug] [2025-05-23T23:37:32.150Z] unable to look up default compute service account. Falling back to 1088542763900-compute@developer.gserviceaccount.com. Error: {"name":"FirebaseError","children":[],"context":{"body":{"error":{"code":403,"message":"Compute Engine API has not been used in project 1088542763900 before or it is disabled. Enable it by visiting https://console.developers.google.com/apis/api/compute.googleapis.com/overview?project=1088542763900 then retry. If you enabled this API recently, wait a few minutes for the action to propagate to our systems and retry.","errors":[{"message":"Compute Engine API has not been used in project 1088542763900 before or it is disabled. Enable it by visiting https://console.developers.google.com/apis/api/compute.googleapis.com/overview?project=1088542763900 then retry. If you enabled this API recently, wait a few minutes for the action to propagate to our systems and retry.","domain":"usageLimits","reason":"accessNotConfigured","extendedHelp":"https://console.developers.google.com"}],"status":"PERMISSION_DENIED","details":[{"@type":"type.googleapis.com/google.rpc.ErrorInfo","reason":"SERVICE_DISABLED","domain":"googleapis.com","metadata":{"serviceTitle":"Compute Engine API","service":"compute.googleapis.com","containerInfo":"1088542763900","activationUrl":"https://console.developers.google.com/apis/api/compute.googleapis.com/overview?project=1088542763900","consumer":"projects/1088542763900"}},{"@type":"type.googleapis.com/google.rpc.LocalizedMessage","locale":"en-US","message":"Compute Engine API has not been used in project 1088542763900 before or it is disabled. Enable it by visiting https://console.developers.google.com/apis/api/compute.googleapis.com/overview?project=1088542763900 then retry. If you enabled this API recently, wait a few minutes for the action to propagate to our systems and retry."},{"@type":"type.googleapis.com/google.rpc.Help","links":[{"description":"Google developers console API activation","url":"https://console.developers.google.com/apis/api/compute.googleapis.com/overview?project=1088542763900"}]}]}},"response":{"statusCode":403}},"exit":1,"message":"Request to https://compute.googleapis.com/compute/v1/projects/1088542763900 had HTTP Error: 403, Compute Engine API has not been used in project 1088542763900 before or it is disabled. Enable it by visiting https://console.developers.google.com/apis/api/compute.googleapis.com/overview?project=1088542763900 then retry. If you enabled this API recently, wait a few minutes for the action to propagate to our systems and retry.","status":403}
[debug] [2025-05-23T23:37:32.153Z] Checked if tokens are valid: true, expires at: 1748044713025
[debug] [2025-05-23T23:37:32.153Z] Checked if tokens are valid: true, expires at: 1748044713025
[debug] [2025-05-23T23:37:32.154Z] >>> [apiv2][query] GET https://cloudbilling.googleapis.com/v1/projects/hello-world-firebase-f1b5d/billingInfo [none]
[debug] [2025-05-23T23:37:32.370Z] <<< [apiv2][status] GET https://cloudbilling.googleapis.com/v1/projects/hello-world-firebase-f1b5d/billingInfo 200
[debug] [2025-05-23T23:37:32.370Z] <<< [apiv2][body] GET https://cloudbilling.googleapis.com/v1/projects/hello-world-firebase-f1b5d/billingInfo {"name":"projects/hello-world-firebase-f1b5d/billingInfo","projectId":"hello-world-firebase-f1b5d","billingAccountName":"billingAccounts/01692F-8BE654-9C12E9","billingEnabled":true}
[info] i  functions: Skipping the deploy of unchanged functions. 
[info] +  functions[helloWorld(us-central1)] Skipped (No changes detected) 
[debug] [2025-05-23T23:37:32.375Z] Total Function Deployment time: 0
[debug] [2025-05-23T23:37:32.375Z] 0 Functions Deployed
[debug] [2025-05-23T23:37:32.375Z] 0 Functions Errored
[debug] [2025-05-23T23:37:32.375Z] 0 Function Deployments Aborted
[debug] [2025-05-23T23:37:32.375Z] Average Function Deployment time: NaN
[debug] [2025-05-23T23:37:32.444Z] Not printing URL for HTTPS function. Typically this means it didn't match a filter or we failed deployment
[debug] [2025-05-23T23:37:32.445Z] Checked if tokens are valid: true, expires at: 1748044713025
[debug] [2025-05-23T23:37:32.445Z] Checked if tokens are valid: true, expires at: 1748044713025
[debug] [2025-05-23T23:37:32.445Z] >>> [apiv2][query] GET https://artifactregistry.googleapis.com/v1/projects/hello-world-firebase-f1b5d/locations/us-central1/repositories/gcf-artifacts [none]
[debug] [2025-05-23T23:37:32.603Z] <<< [apiv2][status] GET https://artifactregistry.googleapis.com/v1/projects/hello-world-firebase-f1b5d/locations/us-central1/repositories/gcf-artifacts 200
[debug] [2025-05-23T23:37:32.603Z] <<< [apiv2][body] GET https://artifactregistry.googleapis.com/v1/projects/hello-world-firebase-f1b5d/locations/us-central1/repositories/gcf-artifacts {"name":"projects/hello-world-firebase-f1b5d/locations/us-central1/repositories/gcf-artifacts","format":"DOCKER","description":"This repository is created and used by Cloud Functions for storing function docker images.","labels":{"goog-managed-by":"cloudfunctions"},"createTime":"2025-05-23T23:27:55.244311Z","updateTime":"2025-05-23T23:28:55.742309Z","mode":"STANDARD_REPOSITORY","sizeBytes":"86063348","vulnerabilityScanningConfig":{"lastEnableTime":"2025-05-23T23:27:46.802339561Z","enablementState":"SCANNING_DISABLED","enablementStateReason":"API containerscanning.googleapis.com is not enabled."},"satisfiesPzi":true,"registryUri":"us-central1-docker.pkg.dev/hello-world-firebase-f1b5d/gcf-artifacts"}
[warn] !  functions: No cleanup policy detected for repositories in us-central1. This may result in a small monthly bill as container images accumulate over time. 
[info] i  functions: Configuring cleanup policy for repository in us-central1. Images older than 1 days will be automatically deleted. 
[debug] [2025-05-23T23:44:19.199Z] Setting up artifact cleanup policy for region us-central1
[debug] [2025-05-23T23:44:19.200Z] Checked if tokens are valid: false, expires at: 1748044713025
[debug] [2025-05-23T23:44:19.200Z] Checked if tokens are valid: false, expires at: 1748044713025
[debug] [2025-05-23T23:44:19.201Z] > refreshing access token with scopes: []
[debug] [2025-05-23T23:44:19.202Z] >>> [apiv2][query] POST https://www.googleapis.com/oauth2/v3/token [none]
[debug] [2025-05-23T23:44:19.202Z] >>> [apiv2][body] POST https://www.googleapis.com/oauth2/v3/token [omitted]
[debug] [2025-05-23T23:44:19.337Z] <<< [apiv2][status] POST https://www.googleapis.com/oauth2/v3/token 200
[debug] [2025-05-23T23:44:19.337Z] <<< [apiv2][body] POST https://www.googleapis.com/oauth2/v3/token [omitted]
[debug] [2025-05-23T23:44:19.364Z] >>> [apiv2][query] PATCH https://artifactregistry.googleapis.com/v1/projects/hello-world-firebase-f1b5d/locations/us-central1/repositories/gcf-artifacts updateMask=name%2CcleanupPolicies%2CcleanupPolicyDryRun%2Clabels
[debug] [2025-05-23T23:44:19.364Z] >>> [apiv2][body] PATCH https://artifactregistry.googleapis.com/v1/projects/hello-world-firebase-f1b5d/locations/us-central1/repositories/gcf-artifacts {"name":"projects/hello-world-firebase-f1b5d/locations/us-central1/repositories/gcf-artifacts","cleanupPolicies":{"firebase-functions-cleanup":{"id":"firebase-functions-cleanup","condition":{"tagState":"ANY","olderThan":"86400s"},"action":"DELETE"}},"cleanupPolicyDryRun":false,"labels":{"goog-managed-by":"cloudfunctions"}}
[debug] [2025-05-23T23:44:19.587Z] <<< [apiv2][status] PATCH https://artifactregistry.googleapis.com/v1/projects/hello-world-firebase-f1b5d/locations/us-central1/repositories/gcf-artifacts 200
[debug] [2025-05-23T23:44:19.587Z] <<< [apiv2][body] PATCH https://artifactregistry.googleapis.com/v1/projects/hello-world-firebase-f1b5d/locations/us-central1/repositories/gcf-artifacts {"name":"projects/hello-world-firebase-f1b5d/locations/us-central1/repositories/gcf-artifacts","format":"DOCKER","description":"This repository is created and used by Cloud Functions for storing function docker images.","labels":{"goog-managed-by":"cloudfunctions"},"createTime":"2025-05-23T23:27:55.244311Z","updateTime":"2025-05-23T23:44:16.883496Z","mode":"STANDARD_REPOSITORY","cleanupPolicies":{"firebase-functions-cleanup":{"id":"firebase-functions-cleanup","action":"DELETE","condition":{"tagState":"ANY","olderThan":"86400s"}}},"vulnerabilityScanningConfig":{"lastEnableTime":"2025-05-23T23:27:46.802339561Z","enablementState":"SCANNING_DISABLED","enablementStateReason":"API containerscanning.googleapis.com is not enabled."},"satisfiesPzi":true}
[info] i  functions: Configured cleanup policy for repository in us-central1. 
[info] 
[info] +  Deploy complete! 
[info] 
[info] Project Console: https://console.firebase.google.com/project/hello-world-firebase-f1b5d/overview
